Environment at start of build:
ALLUSERSPROFILE = C:\ProgramData
APPDATA = C:\Users\klyuevvladislav\AppData\Roaming
CommonProgramFiles = C:\Program Files (x86)\Common Files
CommonProgramFiles(x86) = C:\Program Files (x86)\Common Files
CommonProgramW6432 = C:\Program Files\Common Files
COMPUTERNAME = KLYUEVVLADI4928
ComSpec = C:\Windows\system32\cmd.exe
FPS_BROWSER_APP_PROFILE_STRING = Internet Explorer
FPS_BROWSER_USER_PROFILE_STRING = Default
HOMEDRIVE = C:
HOMEPATH = \Users\klyuevvladislav
LOCALAPPDATA = C:\Users\klyuevvladislav\AppData\Local
LOGONSERVER = \\KLYUEVVLADI4928
MSBuildLoadMicrosoftTargetsReadOnly = true
NUMBER_OF_PROCESSORS = 2
OneDrive = C:\Users\klyuevvladislav\OneDrive
OS = Windows_NT
Path = C:\Program Files (x86)\Parallels\Parallels Tools\Applications;C:\Windows\system32;C:\Windows;C:\Windows\System32\Wbem;C:\Windows\System32\WindowsPowerShell\v1.0\;C:\Users\klyuevvladislav\AppData\Local\Microsoft\WindowsApps;
PATHEXT = .COM;.EXE;.BAT;.CMD;.VBS;.VBE;.JS;.JSE;.WSF;.WSH;.MSC
PkgDefApplicationConfigFile = C:\Users\klyuevvladislav\AppData\Local\Microsoft\VisualStudio\15.0_8eda336e\devenv.exe.config
PROCESSOR_ARCHITECTURE = x86
PROCESSOR_ARCHITEW6432 = AMD64
PROCESSOR_IDENTIFIER = Intel64 Family 6 Model 61 Stepping 4, GenuineIntel
PROCESSOR_LEVEL = 6
PROCESSOR_REVISION = 3d04
ProgramData = C:\ProgramData
ProgramFiles = C:\Program Files (x86)
ProgramFiles(x86) = C:\Program Files (x86)
ProgramW6432 = C:\Program Files
PSModulePath = C:\Program Files\WindowsPowerShell\Modules;C:\Windows\system32\WindowsPowerShell\v1.0\Modules
PUBLIC = C:\Users\Public
SESSIONNAME = Console
SystemDrive = C:
SystemRoot = C:\Windows
TEMP = C:\Users\KLYUEV~1\AppData\Local\Temp
TMP = C:\Users\KLYUEV~1\AppData\Local\Temp
USERDOMAIN = KLYUEVVLADI4928
USERDOMAIN_ROAMINGPROFILE = KLYUEVVLADI4928
USERNAME = klyuevvladislav
USERPROFILE = C:\Users\klyuevvladislav
VisualStudioDir = \\Mac\Home\Documents\Visual Studio 2017
VisualStudioEdition = Microsoft Visual Studio Community 2017
VisualStudioVersion = 15.0
VSAPPIDDIR = C:\Program Files (x86)\Microsoft Visual Studio\2017\Community\Common7\IDE\
VSAPPIDNAME = devenv.exe
VSLANG = 1033
VSSKUEDITION = Community
windir = C:\Windows

  KRPrep.cpp
c:\users\klyuevvladislav\source\repos\kr prep\kr prep\krprep.cpp(42): warning C4244: 'return': conversion from 'double' to 'float', possible loss of data
c:\users\klyuevvladislav\source\repos\kr prep\kr prep\krprep.cpp(51): warning C4244: '=': conversion from 'double' to 'float', possible loss of data
  KR Prep.vcxproj -> C:\Users\klyuevvladislav\source\repos\KR Prep\Debug\KR Prep.exe
  KR Prep.vcxproj -> C:\Users\klyuevvladislav\source\repos\KR Prep\Debug\KR Prep.pdb (Partial PDB)

Project Performance Summary:
     2344 ms  C:\Users\klyuevvladislav\source\repos\KR Prep\KR Prep\KR Prep.vcxproj   1 calls
               2344 ms  Build                                      1 calls

Target Performance Summary:
        0 ms  _CheckForInvalidConfigurationAndPlatform   1 calls
        0 ms  ComputeLinkImportLibraryOutputsForClean    1 calls
        0 ms  ComputeLinkSwitches                        1 calls
        0 ms  PreLinkEvent                               1 calls
        0 ms  MakeDirsForLink                            1 calls
        0 ms  PrepareResourceNames                       1 calls
        0 ms  CreateCustomManifestResourceNames          1 calls
        0 ms  SplitResourcesByCulture                    1 calls
        0 ms  AssignTargetPaths                          1 calls
        0 ms  ComputeManifestInputsTargets               1 calls
        0 ms  ComputeLinkInputsFromProject               1 calls
        0 ms  AfterLink                                  1 calls
        0 ms  ComputeCLGeneratedLinkInputs               1 calls
        0 ms  ComputeCustomBuildOutput                   1 calls
        0 ms  ComputeManifestGeneratedLinkerInputs       1 calls
        0 ms  ComputeRCGeneratedLinkInputs               1 calls
        0 ms  ComputeRCOutputs                           1 calls
        0 ms  BeforeLink                                 1 calls
        0 ms  ComputeLegacyManifestEmbedding             1 calls
        0 ms  BuildLinkTraverse                          1 calls
        0 ms  BuildCompile                               1 calls
        0 ms  _BuildCompileAction                        1 calls
        0 ms  AfterBuildCompileEvent                     1 calls
        0 ms  ComputeCLOutputs                           1 calls
        0 ms  FinalizeBuildStatus                        1 calls
        0 ms  _Link                                      1 calls
        0 ms  _Manifest                                  1 calls
        0 ms  AfterBuild                                 1 calls
        0 ms  BuildLink                                  1 calls
        0 ms  _BuildLinkAction                           1 calls
        0 ms  PostBuildEvent                             1 calls
        0 ms  PrepareForRun                              1 calls
        0 ms  CopyFilesToOutputDirectory                 1 calls
        0 ms  _CheckForCompileOutputs                    1 calls
        0 ms  _CopySourceItemsToOutputDirectory          1 calls
        0 ms  GetCopyToOutputDirectoryItems              1 calls
        0 ms  GetCopyToOutputDirectoryXamlAppDefs        1 calls
        0 ms  _ALink                                     1 calls
        0 ms  _Deploy                                    1 calls
        0 ms  CreateSatelliteAssemblies                  1 calls
        0 ms  _GenerateSatelliteAssemblyInputs           1 calls
        0 ms  _BscMake                                   1 calls
        0 ms  MakeDirsForBscMake                         1 calls
        0 ms  ComputeCLCompileGeneratedSbrFiles          1 calls
        0 ms  _XdcMake                                   1 calls
        0 ms  MakeDirsForXdcMake                         1 calls
        0 ms  ComputeCLCompileGeneratedXDCFiles          1 calls
        0 ms  ResolvedXDCMake                            1 calls
        0 ms  RegisterOutput                             1 calls
        0 ms  _Appverifier                               1 calls
        0 ms  AfterResourceCompile                       1 calls
        0 ms  _ResourceCompile                           1 calls
        0 ms  BeforeResourceCompile                      1 calls
        0 ms  BuildGenerateSourcesTraverse               1 calls
        0 ms  ResolveReferences                          1 calls
        0 ms  AfterResolveReferences                     1 calls
        0 ms  ResolveAssemblyReferences                  1 calls
        0 ms  ExpandSDKReferences                        1 calls
        0 ms  ResolveSDKReferences                       1 calls
        0 ms  GetInstalledSDKLocations                   1 calls
        0 ms  PrepareForBuild                            1 calls
        0 ms  SetCABuildNativeEnvironmentVariables       1 calls
        0 ms  Desktop_PlatformPrepareForBuild            1 calls
        0 ms  MakeDirsForResourceCompile                 1 calls
        0 ms  PlatformPrepareForBuild                    1 calls
        0 ms  GetReferenceAssemblyPaths                  1 calls
        0 ms  GetFrameworkPaths                          1 calls
        0 ms  ResolveProjectReferences                   1 calls
        0 ms  PrepareProjectReferences                   1 calls
        0 ms  _GetProjectReferenceTargetFrameworkProperties   1 calls
        0 ms  _SplitProjectReferencesByFileExistence     1 calls
        0 ms  AssignProjectConfiguration                 1 calls
        0 ms  BeforeResolveReferences                    1 calls
        0 ms  _PrepareForReferenceResolution             1 calls
        0 ms  _PrepareForBuild                           1 calls
        0 ms  GetResolvedWinMD                           1 calls
        0 ms  PreBuildEvent                              1 calls
        0 ms  BeforeBuildGenerateSources                 1 calls
        0 ms  ComputeCLInputPDBName                      1 calls
        0 ms  _ClCompile                                 1 calls
        0 ms  AfterClCompile                             1 calls
        0 ms  SelectClCompile                            1 calls
        0 ms  SelectCustomBuild                          1 calls
        0 ms  _SelectedFiles                             1 calls
        0 ms  MakeDirsForCl                              1 calls
        0 ms  FixupCLCompileOptions                      1 calls
        0 ms  WarnCompileDuplicatedFilename              1 calls
        0 ms  ComputeReferenceCLInput                    1 calls
        0 ms  _Xsd                                       1 calls
        0 ms  BeforeClCompile                            1 calls
        0 ms  Build                                      1 calls
        0 ms  BuildGenerateSources                       1 calls
        0 ms  _BuildGenerateSourcesAction                1 calls
        0 ms  AfterBuildGenerateSourcesEvent             1 calls
        0 ms  AfterBuildGenerateSources                  1 calls
        0 ms  _Midl                                      1 calls
        0 ms  AfterMidl                                  1 calls
        0 ms  ComputeMIDLGeneratedCompileInputs          1 calls
        0 ms  MakeDirsForMidl                            1 calls
        0 ms  BuildCompileTraverse                       1 calls
       16 ms  SetBuildDefaultEnvironmentVariables        1 calls
       16 ms  DoLinkOutputFilesMatch                     1 calls
       16 ms  InitializeBuildStatus                      1 calls
      828 ms  Link                                       1 calls
     1469 ms  ClCompile                                  1 calls
